# JRE version: Java(TM) SE Runtime Environment (21.0.5+9) (build 21.0.5+9-LTS-239)
# Java VM: Java HotSpot(TM) 64-Bit Server VM (21.0.5+9-LTS-239, mixed mode, emulated-client, sharing, tiered, compressed oops, compressed class ptrs, g1 gc, windows-amd64)
GC Precious Log:
 CardTable entry size: 512
 Card Set container configuration: InlinePtr #cards 4 size 8 Array Of Cards #cards 32 size 80 Howl #buckets 8 coarsen threshold 7372 Howl Bitmap #cards 1024 size 144 coarsen threshold 921 Card regions per heap region 1 cards per card region 8192
 CPUs: 12 total, 12 available
 Memory: 32405M
 Large Page Support: Disabled
 NUMA Support: Disabled
 Compressed Oops: Enabled (Zero based)
 Heap Region Size: 4M
 Heap Min Capacity: 8M
 Heap Initial Capacity: 508M
 Heap Max Capacity: 8104M
 Pre-touch: Disabled
 Parallel Workers: 10
 Concurrent Workers: 3
 Concurrent Refinement Workers: 10
 Periodic GC: Disabled
Heap:
 garbage-first heap   total 430080K, used 201341K [0x0000000605800000, 0x0000000800000000)
  region size 4096K, 4 young (16384K), 4 survivors (16384K)
 Metaspace       used 82245K, committed 83072K, reserved 1179648K
  class space    used 12020K, committed 12416K, reserved 1048576K
GC Heap History (20 events):
Event: 16.760 GC heap after
{Heap after GC invocations=16 (full 0):
 garbage-first heap   total 151552K, used 45485K [0x0000000605800000, 0x0000000800000000)
  region size 4096K, 3 young (12288K), 3 survivors (12288K)
 Metaspace       used 79782K, committed 80576K, reserved 1179648K
  class space    used 11622K, committed 11968K, reserved 1048576K
}
Event: 17.044 GC heap before
{Heap before GC invocations=16 (full 0):
 garbage-first heap   total 151552K, used 123309K [0x0000000605800000, 0x0000000800000000)
  region size 4096K, 22 young (90112K), 3 survivors (12288K)
 Metaspace       used 79785K, committed 80576K, reserved 1179648K
  class space    used 11622K, committed 11968K, reserved 1048576K
}
Event: 17.074 GC heap after
{Heap after GC invocations=17 (full 0):
 garbage-first heap   total 151552K, used 54606K [0x0000000605800000, 0x0000000800000000)
  region size 4096K, 3 young (12288K), 3 survivors (12288K)
 Metaspace       used 79785K, committed 80576K, reserved 1179648K
  class space    used 11622K, committed 11968K, reserved 1048576K
}
Event: 17.347 GC heap before
{Heap before GC invocations=17 (full 0):
 garbage-first heap   total 151552K, used 124238K [0x0000000605800000, 0x0000000800000000)
  region size 4096K, 20 young (81920K), 3 survivors (12288K)
 Metaspace       used 79785K, committed 80576K, reserved 1179648K
  class space    used 11622K, committed 11968K, reserved 1048576K
}
Event: 17.388 GC heap after
{Heap after GC invocations=18 (full 0):
 garbage-first heap   total 159744K, used 77060K [0x0000000605800000, 0x0000000800000000)
  region size 4096K, 3 young (12288K), 3 survivors (12288K)
 Metaspace       used 79785K, committed 80576K, reserved 1179648K
  class space    used 11622K, committed 11968K, reserved 1048576K
}
Event: 17.576 GC heap before
{Heap before GC invocations=18 (full 0):
 garbage-first heap   total 159744K, used 122116K [0x0000000605800000, 0x0000000800000000)
  region size 4096K, 15 young (61440K), 3 survivors (12288K)
 Metaspace       used 79785K, committed 80576K, reserved 1179648K
  class space    used 11622K, committed 11968K, reserved 1048576K
}
Event: 17.622 GC heap after
{Heap after GC invocations=19 (full 0):
 garbage-first heap   total 159744K, used 93895K [0x0000000605800000, 0x0000000800000000)
  region size 4096K, 2 young (8192K), 2 survivors (8192K)
 Metaspace       used 79785K, committed 80576K, reserved 1179648K
  class space    used 11622K, committed 11968K, reserved 1048576K
}
Event: 17.751 GC heap before
{Heap before GC invocations=19 (full 0):
 garbage-first heap   total 159744K, used 130759K [0x0000000605800000, 0x0000000800000000)
  region size 4096K, 11 young (45056K), 2 survivors (8192K)
 Metaspace       used 79785K, committed 80576K, reserved 1179648K
  class space    used 11622K, committed 11968K, reserved 1048576K
}
Event: 17.767 GC heap after
{Heap after GC invocations=20 (full 0):
 garbage-first heap   total 319488K, used 98919K [0x0000000605800000, 0x0000000800000000)
  region size 4096K, 1 young (4096K), 1 survivors (4096K)
 Metaspace       used 79785K, committed 80576K, reserved 1179648K
  class space    used 11622K, committed 11968K, reserved 1048576K
}
Event: 18.357 GC heap before
{Heap before GC invocations=21 (full 0):
 garbage-first heap   total 319488K, used 225895K [0x0000000605800000, 0x0000000800000000)
  region size 4096K, 35 young (143360K), 1 survivors (4096K)
 Metaspace       used 79785K, committed 80576K, reserved 1179648K
  class space    used 11622K, committed 11968K, reserved 1048576K
}
Event: 18.372 GC heap after
{Heap after GC invocations=22 (full 0):
 garbage-first heap   total 319488K, used 108692K [0x0000000605800000, 0x0000000800000000)
  region size 4096K, 5 young (20480K), 5 survivors (20480K)
 Metaspace       used 79785K, committed 80576K, reserved 1179648K
  class space    used 11622K, committed 11968K, reserved 1048576K
}
Event: 18.997 GC heap before
{Heap before GC invocations=22 (full 0):
 garbage-first heap   total 319488K, used 264340K [0x0000000605800000, 0x0000000800000000)
  region size 4096K, 43 young (176128K), 5 survivors (20480K)
 Metaspace       used 79785K, committed 80576K, reserved 1179648K
  class space    used 11622K, committed 11968K, reserved 1048576K
}
Event: 19.035 GC heap after
{Heap after GC invocations=23 (full 0):
 garbage-first heap   total 335872K, used 155229K [0x0000000605800000, 0x0000000800000000)
  region size 4096K, 6 young (24576K), 6 survivors (24576K)
 Metaspace       used 79785K, committed 80576K, reserved 1179648K
  class space    used 11622K, committed 11968K, reserved 1048576K
}
Event: 19.482 GC heap before
{Heap before GC invocations=23 (full 0):
 garbage-first heap   total 335872K, used 261725K [0x0000000605800000, 0x0000000800000000)
  region size 4096K, 32 young (131072K), 6 survivors (24576K)
 Metaspace       used 79785K, committed 80576K, reserved 1179648K
  class space    used 11622K, committed 11968K, reserved 1048576K
}
Event: 19.539 GC heap after
{Heap after GC invocations=24 (full 0):
 garbage-first heap   total 335872K, used 196295K [0x0000000605800000, 0x0000000800000000)
  region size 4096K, 4 young (16384K), 4 survivors (16384K)
 Metaspace       used 79785K, committed 80576K, reserved 1179648K
  class space    used 11622K, committed 11968K, reserved 1048576K
}
Event: 19.829 GC heap before
{Heap before GC invocations=24 (full 0):
 garbage-first heap   total 335872K, used 270023K [0x0000000605800000, 0x0000000800000000)
  region size 4096K, 22 young (90112K), 4 survivors (16384K)
 Metaspace       used 79785K, committed 80576K, reserved 1179648K
  class space    used 11622K, committed 11968K, reserved 1048576K
}
Event: 19.858 GC heap after
{Heap after GC invocations=25 (full 0):
 garbage-first heap   total 335872K, used 225991K [0x0000000605800000, 0x0000000800000000)
  region size 4096K, 3 young (12288K), 3 survivors (12288K)
 Metaspace       used 79785K, committed 80576K, reserved 1179648K
  class space    used 11622K, committed 11968K, reserved 1048576K
}
Event: 20.080 GC heap before
{Heap before GC invocations=26 (full 0):
 garbage-first heap   total 430080K, used 279239K [0x0000000605800000, 0x0000000800000000)
  region size 4096K, 16 young (65536K), 3 survivors (12288K)
 Metaspace       used 79785K, committed 80576K, reserved 1179648K
  class space    used 11622K, committed 11968K, reserved 1048576K
}
Event: 20.094 GC heap after
{Heap after GC invocations=27 (full 0):
 garbage-first heap   total 430080K, used 238539K [0x0000000605800000, 0x0000000800000000)
  region size 4096K, 2 young (8192K), 2 survivors (8192K)
 Metaspace       used 79785K, committed 80576K, reserved 1179648K
  class space    used 11622K, committed 11968K, reserved 1048576K
}
Event: 23.310 GC heap before
{Heap before GC invocations=27 (full 0):
 garbage-first heap   total 430080K, used 340939K [0x0000000605800000, 0x0000000800000000)
  region size 4096K, 27 young (110592K), 2 survivors (8192K)
 Metaspace       used 82245K, committed 83072K, reserved 1179648K
  class space    used 12020K, committed 12416K, reserved 1048576K
}

